[DEBUG] 2026-04-22 11:42:54.224 [main] PackageRelationshipCollection - Parsing relationship: /xl/_rels/workbook.xml.rels
[DEBUG] 2026-04-22 11:42:54.230 [main] PackageRelationshipCollection - Parsing relationship: /xl/worksheets/_rels/sheet1.xml.rels
[DEBUG] 2026-04-22 11:42:54.231 [main] PackageRelationshipCollection - Parsing relationship: /_rels/.rels
[INFO ] 2026-04-22 11:43:04.010 [main] DataDrivenTestDemo - Login is sucessfull
[INFO ] 2026-04-22 11:43:05.081 [main] DataDrivenTestDemo - The Browser is closed
[DEBUG] 2026-04-22 11:43:05.097 [main] PackageRelationshipCollection - Parsing relationship: /xl/_rels/workbook.xml.rels
[DEBUG] 2026-04-22 11:43:05.100 [main] PackageRelationshipCollection - Parsing relationship: /xl/worksheets/_rels/sheet1.xml.rels
[DEBUG] 2026-04-22 11:43:05.103 [main] PackageRelationshipCollection - Parsing relationship: /_rels/.rels
[WARN ] 2026-04-22 11:43:13.173 [main] DataDrivenTestDemo - Login is unsucessfull
[INFO ] 2026-04-22 11:43:14.291 [main] DataDrivenTestDemo - The Browser is closed
[WARN ] 2026-04-22 11:43:22.690 [main] DataDrivenTestDemo - Login is unsucessfull
[INFO ] 2026-04-22 11:43:23.611 [main] DataDrivenTestDemo - The Browser is closed
[INFO ] 2026-04-22 11:43:31.774 [main] DataDrivenTestDemo - The Browser is closed
[INFO ] 2026-04-22 11:43:40.298 [main] DataDrivenTestDemo - The Browser is closed
[DEBUG] 2026-04-22 11:47:54.400 [main] PackageRelationshipCollection - Parsing relationship: /xl/_rels/workbook.xml.rels
[DEBUG] 2026-04-22 11:47:54.407 [main] PackageRelationshipCollection - Parsing relationship: /xl/worksheets/_rels/sheet1.xml.rels
[DEBUG] 2026-04-22 11:47:54.410 [main] PackageRelationshipCollection - Parsing relationship: /_rels/.rels
[INFO ] 2026-04-22 11:48:01.528 [main] DataDrivenTestDemo - Driver is opened
[INFO ] 2026-04-22 11:48:01.552 [main] DataDrivenTestDemo - The valid login is Started
[INFO ] 2026-04-22 11:48:03.509 [main] DataDrivenTestDemo - Login is sucessfull
[INFO ] 2026-04-22 11:48:04.596 [main] DataDrivenTestDemo - The Browser is closed
[DEBUG] 2026-04-22 11:48:04.606 [main] PackageRelationshipCollection - Parsing relationship: /xl/_rels/workbook.xml.rels
[DEBUG] 2026-04-22 11:48:04.608 [main] PackageRelationshipCollection - Parsing relationship: /xl/worksheets/_rels/sheet1.xml.rels
[DEBUG] 2026-04-22 11:48:04.610 [main] PackageRelationshipCollection - Parsing relationship: /_rels/.rels
[INFO ] 2026-04-22 11:48:10.998 [main] DataDrivenTestDemo - Driver is opened
[INFO ] 2026-04-22 11:48:11.003 [main] DataDrivenTestDemo - The invalid login is Started
[INFO ] 2026-04-22 11:48:13.618 [main] DataDrivenTestDemo - The Browser is closed
[INFO ] 2026-04-22 11:48:19.915 [main] DataDrivenTestDemo - Driver is opened
[INFO ] 2026-04-22 11:48:19.917 [main] DataDrivenTestDemo - The invalid login is Started
[WARN ] 2026-04-22 11:48:21.440 [main] DataDrivenTestDemo - Login is unsucessfull
[INFO ] 2026-04-22 11:48:22.609 [main] DataDrivenTestDemo - The Browser is closed
[INFO ] 2026-04-22 11:48:28.885 [main] DataDrivenTestDemo - Driver is opened
[INFO ] 2026-04-22 11:48:28.889 [main] DataDrivenTestDemo - The invalid Search is Started
[INFO ] 2026-04-22 11:48:30.364 [main] DataDrivenTestDemo - The Browser is closed
[INFO ] 2026-04-22 11:48:36.765 [main] DataDrivenTestDemo - Driver is opened
[INFO ] 2026-04-22 11:48:36.767 [main] DataDrivenTestDemo - The valid Search is Started
[INFO ] 2026-04-22 11:48:37.642 [main] DataDrivenTestDemo - Search is Sucessfull
[INFO ] 2026-04-22 11:48:38.678 [main] DataDrivenTestDemo - The Browser is closed
[DEBUG] 2026-04-22 11:54:26.144 [main] PackageRelationshipCollection - Parsing relationship: /xl/_rels/workbook.xml.rels
[DEBUG] 2026-04-22 11:54:26.151 [main] PackageRelationshipCollection - Parsing relationship: /xl/worksheets/_rels/sheet1.xml.rels
[DEBUG] 2026-04-22 11:54:26.153 [main] PackageRelationshipCollection - Parsing relationship: /_rels/.rels
[INFO ] 2026-04-22 11:54:33.999 [main] DataDrivenTestDemo - Driver is opened
[INFO ] 2026-04-22 11:54:34.019 [main] DataDrivenTestDemo - The valid login is Started
[INFO ] 2026-04-22 11:54:37.416 [main] DataDrivenTestDemo - Login is sucessfull
[INFO ] 2026-04-22 11:54:38.457 [main] DataDrivenTestDemo - The Browser is closed
[DEBUG] 2026-04-22 11:54:38.469 [main] PackageRelationshipCollection - Parsing relationship: /xl/_rels/workbook.xml.rels
[DEBUG] 2026-04-22 11:54:38.471 [main] PackageRelationshipCollection - Parsing relationship: /xl/worksheets/_rels/sheet1.xml.rels
[DEBUG] 2026-04-22 11:54:38.473 [main] PackageRelationshipCollection - Parsing relationship: /_rels/.rels
[INFO ] 2026-04-22 11:54:45.715 [main] DataDrivenTestDemo - Driver is opened
[INFO ] 2026-04-22 11:54:45.720 [main] DataDrivenTestDemo - The invalid login is Started
[INFO ] 2026-04-22 11:54:48.940 [main] DataDrivenTestDemo - The Browser is closed
[INFO ] 2026-04-22 11:54:55.292 [main] DataDrivenTestDemo - Driver is opened
[INFO ] 2026-04-22 11:54:55.295 [main] DataDrivenTestDemo - The invalid login is Started
[WARN ] 2026-04-22 11:54:57.094 [main] DataDrivenTestDemo - Login is unsucessfull
[INFO ] 2026-04-22 11:54:58.119 [main] DataDrivenTestDemo - The Browser is closed
[INFO ] 2026-04-22 11:55:05.507 [main] DataDrivenTestDemo - Driver is opened
[INFO ] 2026-04-22 11:55:05.513 [main] DataDrivenTestDemo - The invalid Search is Started
[INFO ] 2026-04-22 11:55:06.620 [main] DataDrivenTestDemo - The Browser is closed
[INFO ] 2026-04-22 11:55:12.955 [main] DataDrivenTestDemo - Driver is opened
[INFO ] 2026-04-22 11:55:12.958 [main] DataDrivenTestDemo - The valid Search is Started
[INFO ] 2026-04-22 11:55:13.787 [main] DataDrivenTestDemo - Search is Sucessfull
[INFO ] 2026-04-22 11:55:15.029 [main] DataDrivenTestDemo - The Browser is closed
[DEBUG] 2026-04-22 11:59:19.077 [main] PackageRelationshipCollection - Parsing relationship: /xl/_rels/workbook.xml.rels
[DEBUG] 2026-04-22 11:59:19.083 [main] PackageRelationshipCollection - Parsing relationship: /xl/worksheets/_rels/sheet1.xml.rels
[DEBUG] 2026-04-22 11:59:19.085 [main] PackageRelationshipCollection - Parsing relationship: /_rels/.rels
[INFO ] 2026-04-22 11:59:26.762 [main] DataDrivenTestDemo - Driver is opened
[INFO ] 2026-04-22 11:59:26.772 [main] DataDrivenTestDemo - The valid login is Started
[INFO ] 2026-04-22 11:59:28.946 [main] DataDrivenTestDemo - Login is sucessfull
[INFO ] 2026-04-22 11:59:30.112 [main] DataDrivenTestDemo - The Browser is closed
[DEBUG] 2026-04-22 11:59:30.125 [main] PackageRelationshipCollection - Parsing relationship: /xl/_rels/workbook.xml.rels
[DEBUG] 2026-04-22 11:59:30.127 [main] PackageRelationshipCollection - Parsing relationship: /xl/worksheets/_rels/sheet1.xml.rels
[DEBUG] 2026-04-22 11:59:30.128 [main] PackageRelationshipCollection - Parsing relationship: /_rels/.rels
[INFO ] 2026-04-22 11:59:36.964 [main] DataDrivenTestDemo - Driver is opened
[INFO ] 2026-04-22 11:59:36.966 [main] DataDrivenTestDemo - The invalid login is Started
[INFO ] 2026-04-22 11:59:39.436 [main] DataDrivenTestDemo - The Browser is closed
[INFO ] 2026-04-22 11:59:46.509 [main] DataDrivenTestDemo - Driver is opened
[INFO ] 2026-04-22 11:59:46.510 [main] DataDrivenTestDemo - The invalid login is Started
[WARN ] 2026-04-22 11:59:48.217 [main] DataDrivenTestDemo - Login is unsucessfull
[INFO ] 2026-04-22 11:59:49.400 [main] DataDrivenTestDemo - The Browser is closed
[INFO ] 2026-04-22 11:59:56.079 [main] DataDrivenTestDemo - Driver is opened
[INFO ] 2026-04-22 11:59:56.082 [main] DataDrivenTestDemo - The invalid Search is Started
[INFO ] 2026-04-22 11:59:57.342 [main] DataDrivenTestDemo - The Browser is closed
[INFO ] 2026-04-22 12:00:04.728 [main] DataDrivenTestDemo - Driver is opened
[INFO ] 2026-04-22 12:00:04.735 [main] DataDrivenTestDemo - The valid Search is Started
[INFO ] 2026-04-22 12:00:05.930 [main] DataDrivenTestDemo - Search is Sucessfull
[INFO ] 2026-04-22 12:00:06.846 [main] DataDrivenTestDemo - The Browser is closed
[DEBUG] 2026-04-22 12:01:25.920 [main] PackageRelationshipCollection - Parsing relationship: /xl/_rels/workbook.xml.rels
[DEBUG] 2026-04-22 12:01:25.926 [main] PackageRelationshipCollection - Parsing relationship: /xl/worksheets/_rels/sheet1.xml.rels
[DEBUG] 2026-04-22 12:01:25.929 [main] PackageRelationshipCollection - Parsing relationship: /_rels/.rels
[INFO ] 2026-04-22 12:01:33.887 [main] DataDrivenTestDemo - Driver is opened
[INFO ] 2026-04-22 12:01:33.907 [main] DataDrivenTestDemo - The valid login is Started
[INFO ] 2026-04-22 12:01:35.895 [main] DataDrivenTestDemo - Login is sucessfull
[INFO ] 2026-04-22 12:01:36.899 [main] DataDrivenTestDemo - The Browser is closed
[DEBUG] 2026-04-22 12:01:36.912 [main] PackageRelationshipCollection - Parsing relationship: /xl/_rels/workbook.xml.rels
[DEBUG] 2026-04-22 12:01:36.913 [main] PackageRelationshipCollection - Parsing relationship: /xl/worksheets/_rels/sheet1.xml.rels
[DEBUG] 2026-04-22 12:01:36.915 [main] PackageRelationshipCollection - Parsing relationship: /_rels/.rels
[INFO ] 2026-04-22 12:01:43.611 [main] DataDrivenTestDemo - Driver is opened
[INFO ] 2026-04-22 12:01:43.614 [main] DataDrivenTestDemo - The invalid login is Started
[INFO ] 2026-04-22 12:01:45.997 [main] DataDrivenTestDemo - The Browser is closed
[INFO ] 2026-04-22 12:01:52.679 [main] DataDrivenTestDemo - Driver is opened
[INFO ] 2026-04-22 12:01:52.683 [main] DataDrivenTestDemo - The invalid login is Started
[WARN ] 2026-04-22 12:01:54.546 [main] DataDrivenTestDemo - Login is unsucessfull
[INFO ] 2026-04-22 12:01:55.593 [main] DataDrivenTestDemo - The Browser is closed
[INFO ] 2026-04-22 12:02:02.395 [main] DataDrivenTestDemo - Driver is opened
[INFO ] 2026-04-22 12:02:02.403 [main] DataDrivenTestDemo - The invalid Search is Started
[INFO ] 2026-04-22 12:02:03.898 [main] DataDrivenTestDemo - The Browser is closed
[INFO ] 2026-04-22 12:02:10.555 [main] DataDrivenTestDemo - Driver is opened
[INFO ] 2026-04-22 12:02:10.558 [main] DataDrivenTestDemo - The valid Search is Started
[INFO ] 2026-04-22 12:02:11.322 [main] DataDrivenTestDemo - Search is Sucessfull
[INFO ] 2026-04-22 12:02:12.436 [main] DataDrivenTestDemo - The Browser is closed
[DEBUG] 2026-04-22 12:02:45.387 [main] PackageRelationshipCollection - Parsing relationship: /xl/_rels/workbook.xml.rels
[DEBUG] 2026-04-22 12:02:45.393 [main] PackageRelationshipCollection - Parsing relationship: /xl/worksheets/_rels/sheet1.xml.rels
[DEBUG] 2026-04-22 12:02:45.395 [main] PackageRelationshipCollection - Parsing relationship: /_rels/.rels
[INFO ] 2026-04-22 12:02:53.081 [main] DataDrivenTestDemo - Driver is opened
[INFO ] 2026-04-22 12:02:53.091 [main] DataDrivenTestDemo - The valid login is Started
[INFO ] 2026-04-22 12:02:54.835 [main] DataDrivenTestDemo - Login is sucessfull
[INFO ] 2026-04-22 12:02:56.046 [main] DataDrivenTestDemo - The Browser is closed
[DEBUG] 2026-04-22 12:02:56.061 [main] PackageRelationshipCollection - Parsing relationship: /xl/_rels/workbook.xml.rels
[DEBUG] 2026-04-22 12:02:56.063 [main] PackageRelationshipCollection - Parsing relationship: /xl/worksheets/_rels/sheet1.xml.rels
[DEBUG] 2026-04-22 12:02:56.065 [main] PackageRelationshipCollection - Parsing relationship: /_rels/.rels
[INFO ] 2026-04-22 12:03:02.899 [main] DataDrivenTestDemo - Driver is opened
[INFO ] 2026-04-22 12:03:02.903 [main] DataDrivenTestDemo - The invalid login is Started
[INFO ] 2026-04-22 12:03:05.374 [main] DataDrivenTestDemo - The Browser is closed
[INFO ] 2026-04-22 12:03:12.428 [main] DataDrivenTestDemo - Driver is opened
[INFO ] 2026-04-22 12:03:12.430 [main] DataDrivenTestDemo - The invalid login is Started
[WARN ] 2026-04-22 12:03:13.954 [main] DataDrivenTestDemo - Login is unsucessfull
[INFO ] 2026-04-22 12:03:15.130 [main] DataDrivenTestDemo - The Browser is closed
[INFO ] 2026-04-22 12:03:22.346 [main] DataDrivenTestDemo - Driver is opened
[INFO ] 2026-04-22 12:03:22.349 [main] DataDrivenTestDemo - The invalid Search is Started
[INFO ] 2026-04-22 12:03:23.515 [main] DataDrivenTestDemo - The Browser is closed
[INFO ] 2026-04-22 12:03:30.711 [main] DataDrivenTestDemo - Driver is opened
[INFO ] 2026-04-22 12:03:30.712 [main] DataDrivenTestDemo - The valid Search is Started
[INFO ] 2026-04-22 12:03:31.444 [main] DataDrivenTestDemo - Search is Sucessfull
[INFO ] 2026-04-22 12:03:32.772 [main] DataDrivenTestDemo - The Browser is closed
[DEBUG] 2026-04-22 12:13:25.561 [main] PackageRelationshipCollection - Parsing relationship: /xl/_rels/workbook.xml.rels
[DEBUG] 2026-04-22 12:13:25.568 [main] PackageRelationshipCollection - Parsing relationship: /xl/worksheets/_rels/sheet1.xml.rels
[DEBUG] 2026-04-22 12:13:25.570 [main] PackageRelationshipCollection - Parsing relationship: /_rels/.rels
[INFO ] 2026-04-22 12:13:29.904 [main] DataDrivenTestDemo - Driver is opened
[INFO ] 2026-04-22 12:13:29.929 [main] DataDrivenTestDemo - The valid login is Started
[INFO ] 2026-04-22 12:13:32.940 [main] DataDrivenTestDemo - Login is sucessfull
[INFO ] 2026-04-22 12:13:33.355 [main] DataDrivenTestDemo - The Browser is closed
[DEBUG] 2026-04-22 12:13:33.367 [main] PackageRelationshipCollection - Parsing relationship: /xl/_rels/workbook.xml.rels
[DEBUG] 2026-04-22 12:13:33.369 [main] PackageRelationshipCollection - Parsing relationship: /xl/worksheets/_rels/sheet1.xml.rels
[DEBUG] 2026-04-22 12:13:33.371 [main] PackageRelationshipCollection - Parsing relationship: /_rels/.rels
[INFO ] 2026-04-22 12:13:35.318 [main] DataDrivenTestDemo - Driver is opened
[INFO ] 2026-04-22 12:13:35.320 [main] DataDrivenTestDemo - The invalid login is Started
[INFO ] 2026-04-22 12:13:37.004 [main] DataDrivenTestDemo - The Browser is closed
[INFO ] 2026-04-22 12:13:39.124 [main] DataDrivenTestDemo - Driver is opened
[INFO ] 2026-04-22 12:13:39.127 [main] DataDrivenTestDemo - The invalid login is Started
[WARN ] 2026-04-22 12:13:40.813 [main] DataDrivenTestDemo - Login is unsucessfull
[INFO ] 2026-04-22 12:13:41.120 [main] DataDrivenTestDemo - The Browser is closed
[INFO ] 2026-04-22 12:13:43.043 [main] DataDrivenTestDemo - Driver is opened
[INFO ] 2026-04-22 12:13:43.046 [main] DataDrivenTestDemo - The invalid Search is Started
[WARN ] 2026-04-22 12:13:43.509 [main] DataDrivenTestDemo - Product are not found
[INFO ] 2026-04-22 12:13:43.744 [main] DataDrivenTestDemo - The Browser is closed
[INFO ] 2026-04-22 12:13:45.736 [main] DataDrivenTestDemo - Driver is opened
[INFO ] 2026-04-22 12:13:45.739 [main] DataDrivenTestDemo - The valid Search is Started
[INFO ] 2026-04-22 12:13:46.245 [main] DataDrivenTestDemo - Search is Sucessfull
[INFO ] 2026-04-22 12:13:46.569 [main] DataDrivenTestDemo - The Browser is closed
[DEBUG] 2026-04-22 12:17:53.980 [main] PackageRelationshipCollection - Parsing relationship: /xl/_rels/workbook.xml.rels
[DEBUG] 2026-04-22 12:17:53.988 [main] PackageRelationshipCollection - Parsing relationship: /xl/worksheets/_rels/sheet1.xml.rels
[DEBUG] 2026-04-22 12:17:53.989 [main] PackageRelationshipCollection - Parsing relationship: /_rels/.rels
[INFO ] 2026-04-22 12:17:57.065 [main] DataDrivenTestDemo - Driver is opened
[INFO ] 2026-04-22 12:17:57.071 [main] DataDrivenTestDemo - The valid login is Started
[INFO ] 2026-04-22 12:17:58.695 [main] DataDrivenTestDemo - Login is sucessfull
[INFO ] 2026-04-22 12:17:58.929 [main] DataDrivenTestDemo - The Browser is closed
[DEBUG] 2026-04-22 12:17:58.937 [main] PackageRelationshipCollection - Parsing relationship: /xl/_rels/workbook.xml.rels
[DEBUG] 2026-04-22 12:17:58.940 [main] PackageRelationshipCollection - Parsing relationship: /xl/worksheets/_rels/sheet1.xml.rels
[DEBUG] 2026-04-22 12:17:58.941 [main] PackageRelationshipCollection - Parsing relationship: /_rels/.rels
[INFO ] 2026-04-22 12:18:00.650 [main] DataDrivenTestDemo - Driver is opened
[INFO ] 2026-04-22 12:18:00.652 [main] DataDrivenTestDemo - The invalid login is Started
[INFO ] 2026-04-22 12:18:02.330 [main] DataDrivenTestDemo - The Browser is closed
[INFO ] 2026-04-22 12:18:04.204 [main] DataDrivenTestDemo - Driver is opened
[INFO ] 2026-04-22 12:18:04.207 [main] DataDrivenTestDemo - The invalid login is Started
[WARN ] 2026-04-22 12:18:05.960 [main] DataDrivenTestDemo - Login is unsucessfull
[INFO ] 2026-04-22 12:18:06.207 [main] DataDrivenTestDemo - The Browser is closed
[INFO ] 2026-04-22 12:18:07.952 [main] DataDrivenTestDemo - Driver is opened
[INFO ] 2026-04-22 12:18:07.954 [main] DataDrivenTestDemo - The invalid Search is Started
[WARN ] 2026-04-22 12:18:08.441 [main] DataDrivenTestDemo - Product are not found
[INFO ] 2026-04-22 12:18:08.694 [main] DataDrivenTestDemo - The Browser is closed
[INFO ] 2026-04-22 12:18:10.883 [main] DataDrivenTestDemo - Driver is opened
[INFO ] 2026-04-22 12:18:10.885 [main] DataDrivenTestDemo - The valid Search is Started
[INFO ] 2026-04-22 12:18:11.392 [main] DataDrivenTestDemo - Search is Sucessfull
[INFO ] 2026-04-22 12:18:11.618 [main] DataDrivenTestDemo - The Browser is closed
[DEBUG] 2026-04-22 12:20:26.233 [main] PackageRelationshipCollection - Parsing relationship: /xl/_rels/workbook.xml.rels
[DEBUG] 2026-04-22 12:20:26.238 [main] PackageRelationshipCollection - Parsing relationship: /xl/worksheets/_rels/sheet1.xml.rels
[DEBUG] 2026-04-22 12:20:26.240 [main] PackageRelationshipCollection - Parsing relationship: /_rels/.rels
[INFO ] 2026-04-22 12:20:29.137 [main] DataDrivenTestDemo - Driver is opened
[INFO ] 2026-04-22 12:20:29.142 [main] DataDrivenTestDemo - The valid login is Started
[INFO ] 2026-04-22 12:20:31.054 [main] DataDrivenTestDemo - Login is sucessfull
[INFO ] 2026-04-22 12:20:31.367 [main] DataDrivenTestDemo - The Browser is closed
[DEBUG] 2026-04-22 12:20:31.377 [main] PackageRelationshipCollection - Parsing relationship: /xl/_rels/workbook.xml.rels
[DEBUG] 2026-04-22 12:20:31.379 [main] PackageRelationshipCollection - Parsing relationship: /xl/worksheets/_rels/sheet1.xml.rels
[DEBUG] 2026-04-22 12:20:31.380 [main] PackageRelationshipCollection - Parsing relationship: /_rels/.rels
[INFO ] 2026-04-22 12:20:33.177 [main] DataDrivenTestDemo - Driver is opened
[INFO ] 2026-04-22 12:20:33.178 [main] DataDrivenTestDemo - The invalid login is Started
[WARN ] 2026-04-22 12:20:34.827 [main] DataDrivenTestDemo - Login is unsucessfull
[INFO ] 2026-04-22 12:20:35.050 [main] DataDrivenTestDemo - The Browser is closed
[INFO ] 2026-04-22 12:20:37.088 [main] DataDrivenTestDemo - Driver is opened
[INFO ] 2026-04-22 12:20:37.089 [main] DataDrivenTestDemo - The invalid login is Started
[WARN ] 2026-04-22 12:20:38.746 [main] DataDrivenTestDemo - Login is unsucessfull
[INFO ] 2026-04-22 12:20:38.952 [main] DataDrivenTestDemo - The Browser is closed
[INFO ] 2026-04-22 12:20:40.907 [main] DataDrivenTestDemo - Driver is opened
[INFO ] 2026-04-22 12:20:40.909 [main] DataDrivenTestDemo - The invalid Search is Started
[WARN ] 2026-04-22 12:20:41.367 [main] DataDrivenTestDemo - Product are not found
[INFO ] 2026-04-22 12:20:41.668 [main] DataDrivenTestDemo - The Browser is closed
[INFO ] 2026-04-22 12:20:43.541 [main] DataDrivenTestDemo - Driver is opened
[INFO ] 2026-04-22 12:20:43.543 [main] DataDrivenTestDemo - The valid Search is Started
[INFO ] 2026-04-22 12:20:44.154 [main] DataDrivenTestDemo - Search is Sucessfull
[INFO ] 2026-04-22 12:20:44.371 [main] DataDrivenTestDemo - The Browser is closed
[DEBUG] 2026-04-22 12:31:19.256 [main] PackageRelationshipCollection - Parsing relationship: /xl/_rels/workbook.xml.rels
[DEBUG] 2026-04-22 12:31:19.261 [main] PackageRelationshipCollection - Parsing relationship: /xl/worksheets/_rels/sheet1.xml.rels
[DEBUG] 2026-04-22 12:31:19.263 [main] PackageRelationshipCollection - Parsing relationship: /_rels/.rels
[INFO ] 2026-04-22 12:31:22.299 [main] DataDrivenTestDemo - Driver is opened
[INFO ] 2026-04-22 12:31:22.317 [main] DataDrivenTestDemo - The valid login is Started
[DEBUG] 2026-04-22 12:31:29.640 [main] PackageRelationshipCollection - Parsing relationship: /xl/_rels/workbook.xml.rels
[DEBUG] 2026-04-22 12:31:29.645 [main] PackageRelationshipCollection - Parsing relationship: /xl/worksheets/_rels/sheet1.xml.rels
[DEBUG] 2026-04-22 12:31:29.646 [main] PackageRelationshipCollection - Parsing relationship: /_rels/.rels
[INFO ] 2026-04-22 12:31:32.601 [main] DataDrivenTestDemo - Driver is opened
[INFO ] 2026-04-22 12:31:32.612 [main] DataDrivenTestDemo - The valid login is Started
[INFO ] 2026-04-22 12:31:34.779 [main] DataDrivenTestDemo - Login is sucessfull
[INFO ] 2026-04-22 12:31:35.039 [main] DataDrivenTestDemo - The Browser is closed
[DEBUG] 2026-04-22 12:31:35.051 [main] PackageRelationshipCollection - Parsing relationship: /xl/_rels/workbook.xml.rels
[DEBUG] 2026-04-22 12:31:35.053 [main] PackageRelationshipCollection - Parsing relationship: /xl/worksheets/_rels/sheet1.xml.rels
[DEBUG] 2026-04-22 12:31:35.055 [main] PackageRelationshipCollection - Parsing relationship: /_rels/.rels
[INFO ] 2026-04-22 12:31:36.973 [main] DataDrivenTestDemo - Driver is opened
[INFO ] 2026-04-22 12:31:36.976 [main] DataDrivenTestDemo - The invalid login is Started
[WARN ] 2026-04-22 12:31:38.840 [main] DataDrivenTestDemo - Login is unsucessfull
[INFO ] 2026-04-22 12:31:39.064 [main] DataDrivenTestDemo - The Browser is closed
[INFO ] 2026-04-22 12:31:41.029 [main] DataDrivenTestDemo - Driver is opened
[INFO ] 2026-04-22 12:31:41.033 [main] DataDrivenTestDemo - The invalid login is Started
[WARN ] 2026-04-22 12:31:42.929 [main] DataDrivenTestDemo - Login is unsucessfull
[INFO ] 2026-04-22 12:31:43.190 [main] DataDrivenTestDemo - The Browser is closed
[INFO ] 2026-04-22 12:31:45.090 [main] DataDrivenTestDemo - Driver is opened
[INFO ] 2026-04-22 12:31:45.094 [main] DataDrivenTestDemo - The invalid Search is Started
[ERROR] 2026-04-22 12:31:45.543 [main] DataDrivenTestDemo - Product are not found
[INFO ] 2026-04-22 12:31:45.764 [main] DataDrivenTestDemo - The Browser is closed
[INFO ] 2026-04-22 12:31:47.826 [main] DataDrivenTestDemo - Driver is opened
[INFO ] 2026-04-22 12:31:47.828 [main] DataDrivenTestDemo - The valid Search is Started
[INFO ] 2026-04-22 12:31:48.380 [main] DataDrivenTestDemo - Search is Sucessfull
[INFO ] 2026-04-22 12:31:48.623 [main] DataDrivenTestDemo - The Browser is closed
[DEBUG] 2026-04-22 14:08:44.572 [main] PackageRelationshipCollection - Parsing relationship: /xl/_rels/workbook.xml.rels
[DEBUG] 2026-04-22 14:08:44.578 [main] PackageRelationshipCollection - Parsing relationship: /xl/worksheets/_rels/sheet1.xml.rels
[DEBUG] 2026-04-22 14:08:44.581 [main] PackageRelationshipCollection - Parsing relationship: /_rels/.rels
[INFO ] 2026-04-22 14:08:47.999 [main] DataDrivenTestDemo - Driver is opened
[INFO ] 2026-04-22 14:08:48.013 [main] DataDrivenTestDemo - The valid login is Started
[INFO ] 2026-04-22 14:08:51.193 [main] DataDrivenTestDemo - Login is sucessfull
[INFO ] 2026-04-22 14:08:51.452 [main] DataDrivenTestDemo - The Browser is closed
[DEBUG] 2026-04-22 14:08:51.469 [main] PackageRelationshipCollection - Parsing relationship: /xl/_rels/workbook.xml.rels
[DEBUG] 2026-04-22 14:08:51.472 [main] PackageRelationshipCollection - Parsing relationship: /xl/worksheets/_rels/sheet1.xml.rels
[DEBUG] 2026-04-22 14:08:51.473 [main] PackageRelationshipCollection - Parsing relationship: /_rels/.rels
[INFO ] 2026-04-22 14:08:53.299 [main] DataDrivenTestDemo - Driver is opened
[INFO ] 2026-04-22 14:08:53.302 [main] DataDrivenTestDemo - The invalid login is Started
[WARN ] 2026-04-22 14:08:55.818 [main] DataDrivenTestDemo - Login is unsucessfull
[INFO ] 2026-04-22 14:08:56.020 [main] DataDrivenTestDemo - The Browser is closed
[INFO ] 2026-04-22 14:08:57.839 [main] DataDrivenTestDemo - Driver is opened
[INFO ] 2026-04-22 14:08:57.843 [main] DataDrivenTestDemo - The invalid login is Started
[WARN ] 2026-04-22 14:09:00.579 [main] DataDrivenTestDemo - Login is unsucessfull
[INFO ] 2026-04-22 14:09:00.814 [main] DataDrivenTestDemo - The Browser is closed
[INFO ] 2026-04-22 14:09:03.513 [main] DataDrivenTestDemo - Driver is opened
[INFO ] 2026-04-22 14:09:03.517 [main] DataDrivenTestDemo - The invalid Search is Started
[INFO ] 2026-04-22 14:09:25.254 [main] DataDrivenTestDemo - The Browser is closed
[INFO ] 2026-04-22 14:09:27.164 [main] DataDrivenTestDemo - Driver is opened
[INFO ] 2026-04-22 14:09:27.168 [main] DataDrivenTestDemo - The valid Search is Started
[INFO ] 2026-04-22 14:09:27.607 [main] DataDrivenTestDemo - Search is Sucessfull
[INFO ] 2026-04-22 14:09:27.864 [main] DataDrivenTestDemo - The Browser is closed
[DEBUG] 2026-04-22 14:11:16.767 [main] PackageRelationshipCollection - Parsing relationship: /xl/_rels/workbook.xml.rels
[DEBUG] 2026-04-22 14:11:16.772 [main] PackageRelationshipCollection - Parsing relationship: /xl/worksheets/_rels/sheet1.xml.rels
[DEBUG] 2026-04-22 14:11:16.775 [main] PackageRelationshipCollection - Parsing relationship: /_rels/.rels
[INFO ] 2026-04-22 14:11:19.496 [main] DataDrivenTestDemo - Driver is opened
[INFO ] 2026-04-22 14:11:19.507 [main] DataDrivenTestDemo - The invalid login is Started
[WARN ] 2026-04-22 14:11:23.152 [main] DataDrivenTestDemo - Login is unsucessfull
[INFO ] 2026-04-22 14:11:23.337 [main] DataDrivenTestDemo - The Browser is closed
[DEBUG] 2026-04-22 14:16:31.648 [main] PackageRelationshipCollection - Parsing relationship: /xl/_rels/workbook.xml.rels
[DEBUG] 2026-04-22 14:16:31.651 [main] PackageRelationshipCollection - Parsing relationship: /xl/worksheets/_rels/sheet1.xml.rels
[DEBUG] 2026-04-22 14:16:31.652 [main] PackageRelationshipCollection - Parsing relationship: /_rels/.rels
[INFO ] 2026-04-22 14:16:33.684 [main] DataDrivenTestDemo - Driver is opened
[INFO ] 2026-04-22 14:16:33.690 [main] DataDrivenTestDemo - The valid login is Started
[INFO ] 2026-04-22 14:16:34.933 [main] DataDrivenTestDemo - Login is sucessfull
[INFO ] 2026-04-22 14:16:35.115 [main] DataDrivenTestDemo - The Browser is closed
[DEBUG] 2026-04-22 14:16:35.121 [main] PackageRelationshipCollection - Parsing relationship: /xl/_rels/workbook.xml.rels
[DEBUG] 2026-04-22 14:16:35.122 [main] PackageRelationshipCollection - Parsing relationship: /xl/worksheets/_rels/sheet1.xml.rels
[DEBUG] 2026-04-22 14:16:35.123 [main] PackageRelationshipCollection - Parsing relationship: /_rels/.rels
[INFO ] 2026-04-22 14:16:36.548 [main] DataDrivenTestDemo - Driver is opened
[INFO ] 2026-04-22 14:16:36.549 [main] DataDrivenTestDemo - The invalid login is Started
[WARN ] 2026-04-22 14:16:38.022 [main] DataDrivenTestDemo - Login is unsucessfull
[INFO ] 2026-04-22 14:16:38.151 [main] DataDrivenTestDemo - The Browser is closed
[INFO ] 2026-04-22 14:16:39.518 [main] DataDrivenTestDemo - Driver is opened
[INFO ] 2026-04-22 14:16:39.519 [main] DataDrivenTestDemo - The invalid login is Started
[INFO ] 2026-04-22 14:16:40.596 [main] DataDrivenTestDemo - The Browser is closed
[INFO ] 2026-04-22 14:16:41.977 [main] DataDrivenTestDemo - Driver is opened
[INFO ] 2026-04-22 14:16:41.979 [main] DataDrivenTestDemo - The invalid Search is Started
[ERROR] 2026-04-22 14:16:42.278 [main] DataDrivenTestDemo - Product are not found
[INFO ] 2026-04-22 14:16:42.381 [main] DataDrivenTestDemo - The Browser is closed
[INFO ] 2026-04-22 14:16:43.973 [main] DataDrivenTestDemo - Driver is opened
[INFO ] 2026-04-22 14:16:43.974 [main] DataDrivenTestDemo - The valid Search is Started
[INFO ] 2026-04-22 14:16:44.304 [main] DataDrivenTestDemo - Search is Sucessfull
[INFO ] 2026-04-22 14:16:44.463 [main] DataDrivenTestDemo - The Browser is closed
[DEBUG] 2026-04-22 14:18:12.838 [main] PackageRelationshipCollection - Parsing relationship: /xl/_rels/workbook.xml.rels
[DEBUG] 2026-04-22 14:18:12.841 [main] PackageRelationshipCollection - Parsing relationship: /xl/worksheets/_rels/sheet1.xml.rels
[DEBUG] 2026-04-22 14:18:12.842 [main] PackageRelationshipCollection - Parsing relationship: /_rels/.rels
[INFO ] 2026-04-22 14:18:14.786 [main] DataDrivenTestDemo - Driver is opened
[INFO ] 2026-04-22 14:18:14.793 [main] DataDrivenTestDemo - The invalid login is Started
[INFO ] 2026-04-22 14:18:15.917 [main] DataDrivenTestDemo - The Browser is closed
[DEBUG] 2026-04-22 14:18:49.091 [main] PackageRelationshipCollection - Parsing relationship: /xl/_rels/workbook.xml.rels
[DEBUG] 2026-04-22 14:18:49.095 [main] PackageRelationshipCollection - Parsing relationship: /xl/worksheets/_rels/sheet1.xml.rels
[DEBUG] 2026-04-22 14:18:49.096 [main] PackageRelationshipCollection - Parsing relationship: /_rels/.rels
[INFO ] 2026-04-22 14:18:51.149 [main] DataDrivenTestDemo - Driver is opened
[INFO ] 2026-04-22 14:18:51.158 [main] DataDrivenTestDemo - The invalid login is Started
[INFO ] 2026-04-22 14:18:52.268 [main] DataDrivenTestDemo - The Browser is closed
[DEBUG] 2026-04-22 14:24:12.549 [main] PackageRelationshipCollection - Parsing relationship: /xl/_rels/workbook.xml.rels
[DEBUG] 2026-04-22 14:24:12.552 [main] PackageRelationshipCollection - Parsing relationship: /xl/worksheets/_rels/sheet1.xml.rels
[DEBUG] 2026-04-22 14:24:12.553 [main] PackageRelationshipCollection - Parsing relationship: /_rels/.rels
[INFO ] 2026-04-22 14:24:14.537 [main] DataDrivenTestDemo - Driver is opened
[INFO ] 2026-04-22 14:24:14.545 [main] DataDrivenTestDemo - The invalid login is Started
[INFO ] 2026-04-22 14:24:15.890 [main] DataDrivenTestDemo - The Browser is closed
[DEBUG] 2026-04-22 14:30:00.521 [main] PackageRelationshipCollection - Parsing relationship: /xl/_rels/workbook.xml.rels
[DEBUG] 2026-04-22 14:30:00.524 [main] PackageRelationshipCollection - Parsing relationship: /xl/worksheets/_rels/sheet1.xml.rels
[DEBUG] 2026-04-22 14:30:00.525 [main] PackageRelationshipCollection - Parsing relationship: /_rels/.rels
[INFO ] 2026-04-22 14:30:03.969 [main] DataDrivenTestDemo - Driver is opened
[INFO ] 2026-04-22 14:30:03.974 [main] DataDrivenTestDemo - The invalid login is Started
[INFO ] 2026-04-22 14:30:12.158 [main] DataDrivenTestDemo - The Browser is closed
[DEBUG] 2026-04-22 14:32:16.230 [main] PackageRelationshipCollection - Parsing relationship: /xl/_rels/workbook.xml.rels
[DEBUG] 2026-04-22 14:32:16.234 [main] PackageRelationshipCollection - Parsing relationship: /xl/worksheets/_rels/sheet1.xml.rels
[DEBUG] 2026-04-22 14:32:16.235 [main] PackageRelationshipCollection - Parsing relationship: /_rels/.rels
[INFO ] 2026-04-22 14:32:18.357 [main] DataDrivenTestDemo - Driver is opened
[INFO ] 2026-04-22 14:32:18.362 [main] DataDrivenTestDemo - The invalid login is Started
[INFO ] 2026-04-22 14:32:20.125 [main] DataDrivenTestDemo - The Browser is closed
[DEBUG] 2026-04-22 14:34:05.415 [main] PackageRelationshipCollection - Parsing relationship: /xl/_rels/workbook.xml.rels
[DEBUG] 2026-04-22 14:34:05.418 [main] PackageRelationshipCollection - Parsing relationship: /xl/worksheets/_rels/sheet1.xml.rels
[DEBUG] 2026-04-22 14:34:05.419 [main] PackageRelationshipCollection - Parsing relationship: /_rels/.rels
[INFO ] 2026-04-22 14:34:07.390 [main] DataDrivenTestDemo - Driver is opened
[INFO ] 2026-04-22 14:34:07.393 [main] DataDrivenTestDemo - The invalid login is Started
[WARN ] 2026-04-22 14:34:08.368 [main] DataDrivenTestDemo - Login is unsucessfull
[INFO ] 2026-04-22 14:34:08.485 [main] DataDrivenTestDemo - The Browser is closed
